终端机在文法中未使用

    CALL


语法

    0 $accept: Program $end

    1 Program: ExtDefList

    2 ExtDefList: CodeDec ExtDefList
    3           | MainDec
    4           | error

    5 CodeDec: Specifier FunDec FunBody
    6        | Specifier ExtDecList SEMI
    7        | Specifier SEMI
    8        | error SEMI

    9 MainDec: Specifier MAIN LP VarList RP FunBody
   10        | Specifier MAIN LP RP FunBody

   11 FunDec: ID LP VarList RP
   12       | ID LP RP
   13       | error RP

   14 VarList: ParamDec
   15        | ParamDec COMMA VarList

   16 ParamDec: Specifier VarDec

   17 ExtDecList: VarDec
   18           | VarDec COMMA ExtDecList

   19 FunBody: LC DefList StatList RC
   20        | error RC

   21 Specifier: TYPE
   22          | StructSpecifier

   23 StructSpecifier: STRUCT OptTag LC DefList RC
   24                | STRUCT Tag

   25 OptTag: ID
   26       | ε

   27 Tag: ID

   28 DefList: Def DefList
   29        | ε

   30 Def: Specifier DecList SEMI

   31 DecList: Dec
   32        | Dec COMMA DecList

   33 Dec: VarDec
   34    | VarDec ASSIGNOP Expr

   35 VarDec: ID
   36       | VarDec LB INT RB
   37       | VarDec LB error RB

   38 StatList: Statements StatList
   39         | ε

   40 Statements: IF LP Expr RP Statements
   41           | IF LP Expr RP Statements ELSE Statements
   42           | WHILE LP Expr RP Statements
   43           | FOR LP Expr SEMI Expr SEMI Expr RP Statements
   44           | READ ID SEMI
   45           | WRITE Expr SEMI
   46           | FunBody
   47           | Expr SEMI
   48           | RETURN Expr SEMI
   49           | error SEMI

   50 Expr: ID LP Args RP
   51     | ID LP RP
   52     | Expr DOT ID
   53     | Expr LB Expr RB
   54     | NOT Expr
   55     | MINUS Expr
   56     | LP Expr RP
   57     | Expr ASSIGNOP Expr
   58     | Expr RELOP Expr
   59     | Expr AND Expr
   60     | Expr OR Expr
   61     | Expr PLUS Expr
   62     | Expr MINUS Expr
   63     | Expr STAR Expr
   64     | Expr DIV Expr
   65     | ID
   66     | INT

   67 Args: Expr COMMA Args
   68     | Expr


终结语词，附有它们出现处的规则

    $end (0) 0
    error (256) 4 8 13 20 37 49
    INT <node> (258) 36 66
    ID <node> (259) 11 12 25 27 35 44 50 51 52 65
    TYPE <node> (260) 21
    COMMA <node> (261) 15 18 32 67
    DOT <node> (262) 52
    SEMI <node> (263) 6 7 8 30 43 44 45 47 48 49
    RELOP <node> (264) 58
    ASSIGNOP <node> (265) 34 57
    PLUS <node> (266) 61
    MINUS <node> (267) 55 62
    STAR <node> (268) 63
    DIV <node> (269) 64
    AND <node> (270) 59
    OR <node> (271) 60
    NOT <node> (272) 54
    LP <node> (273) 9 10 11 12 40 41 42 43 50 51 56
    RP <node> (274) 9 10 11 12 13 40 41 42 43 50 51 56
    LB <node> (275) 36 37 53
    RB <node> (276) 36 37 53
    LC <node> (277) 19 23
    RC <node> (278) 19 20 23
    IF <node> (279) 40 41
    ELSE <node> (280) 41
    WHILE <node> (281) 42
    FOR <node> (282) 43
    STRUCT <node> (283) 23 24
    RETURN <node> (284) 48
    WRITE <node> (285) 45
    READ <node> (286) 44
    CALL <node> (287)
    MAIN <node> (288) 9 10
    LOWER_THAN_ELSE (289)


非终结语词，附有它们出现处的规则

    $accept (35)
        on left: 0
    Program <node> (36)
        on left: 1
        on right: 0
    ExtDefList <node> (37)
        on left: 2 3 4
        on right: 1 2
    CodeDec <node> (38)
        on left: 5 6 7 8
        on right: 2
    MainDec <node> (39)
        on left: 9 10
        on right: 3
    FunDec <node> (40)
        on left: 11 12 13
        on right: 5
    VarList <node> (41)
        on left: 14 15
        on right: 9 11 15
    ParamDec <node> (42)
        on left: 16
        on right: 14 15
    ExtDecList <node> (43)
        on left: 17 18
        on right: 6 18
    FunBody <node> (44)
        on left: 19 20
        on right: 5 9 10 46
    Specifier <node> (45)
        on left: 21 22
        on right: 5 6 7 9 10 16 30
    StructSpecifier <node> (46)
        on left: 23 24
        on right: 22
    OptTag <node> (47)
        on left: 25 26
        on right: 23
    Tag <node> (48)
        on left: 27
        on right: 24
    DefList <node> (49)
        on left: 28 29
        on right: 19 23 28
    Def <node> (50)
        on left: 30
        on right: 28
    DecList <node> (51)
        on left: 31 32
        on right: 30 32
    Dec <node> (52)
        on left: 33 34
        on right: 31 32
    VarDec <node> (53)
        on left: 35 36 37
        on right: 16 17 18 33 34 36 37
    StatList <node> (54)
        on left: 38 39
        on right: 19 38
    Statements <node> (55)
        on left: 40 41 42 43 44 45 46 47 48 49
        on right: 38 40 41 42 43
    Expr <node> (56)
        on left: 50 51 52 53 54 55 56 57 58 59 60 61 62 63 64 65 66
        on right: 34 40 41 42 43 45 47 48 52 53 54 55 56 57 58 59 60 61 62 63 64 67 68
    Args <node> (57)
        on left: 67 68
        on right: 50 67


状态 0

    0 $accept: • Program $end

    error   偏移，并进入状态 1
    TYPE    偏移，并进入状态 2
    STRUCT  偏移，并进入状态 3

    Program          转到状态 4
    ExtDefList       转到状态 5
    CodeDec          转到状态 6
    MainDec          转到状态 7
    Specifier        转到状态 8
    StructSpecifier  转到状态 9


状态 1

    4 ExtDefList: error •
    8 CodeDec: error • SEMI

    SEMI  偏移，并进入状态 10

    $default  使用规则 4 以归约 (ExtDefList)


状态 2

   21 Specifier: TYPE •

    $default  使用规则 21 以归约 (Specifier)


状态 3

   23 StructSpecifier: STRUCT • OptTag LC DefList RC
   24                | STRUCT • Tag

    ID  偏移，并进入状态 11

    $default  使用规则 26 以归约 (OptTag)

    OptTag  转到状态 12
    Tag     转到状态 13


状态 4

    0 $accept: Program • $end

    $end  偏移，并进入状态 14


状态 5

    1 Program: ExtDefList •

    $default  使用规则 1 以归约 (Program)


状态 6

    2 ExtDefList: CodeDec • ExtDefList

    error   偏移，并进入状态 1
    TYPE    偏移，并进入状态 2
    STRUCT  偏移，并进入状态 3

    ExtDefList       转到状态 15
    CodeDec          转到状态 6
    MainDec          转到状态 7
    Specifier        转到状态 8
    StructSpecifier  转到状态 9


状态 7

    3 ExtDefList: MainDec •

    $default  使用规则 3 以归约 (ExtDefList)


状态 8

    5 CodeDec: Specifier • FunDec FunBody
    6        | Specifier • ExtDecList SEMI
    7        | Specifier • SEMI
    9 MainDec: Specifier • MAIN LP VarList RP FunBody
   10        | Specifier • MAIN LP RP FunBody

    error  偏移，并进入状态 16
    ID     偏移，并进入状态 17
    SEMI   偏移，并进入状态 18
    MAIN   偏移，并进入状态 19

    FunDec      转到状态 20
    ExtDecList  转到状态 21
    VarDec      转到状态 22


状态 9

   22 Specifier: StructSpecifier •

    $default  使用规则 22 以归约 (Specifier)


状态 10

    8 CodeDec: error SEMI •

    $default  使用规则 8 以归约 (CodeDec)


状态 11

   25 OptTag: ID •
   27 Tag: ID •

    LC        使用规则 25 以归约 (OptTag)
    $default  使用规则 27 以归约 (Tag)


状态 12

   23 StructSpecifier: STRUCT OptTag • LC DefList RC

    LC  偏移，并进入状态 23


状态 13

   24 StructSpecifier: STRUCT Tag •

    $default  使用规则 24 以归约 (StructSpecifier)


状态 14

    0 $accept: Program $end •

    $default  接受


状态 15

    2 ExtDefList: CodeDec ExtDefList •

    $default  使用规则 2 以归约 (ExtDefList)


状态 16

   13 FunDec: error • RP

    RP  偏移，并进入状态 24


状态 17

   11 FunDec: ID • LP VarList RP
   12       | ID • LP RP
   35 VarDec: ID •

    LP  偏移，并进入状态 25

    $default  使用规则 35 以归约 (VarDec)


状态 18

    7 CodeDec: Specifier SEMI •

    $default  使用规则 7 以归约 (CodeDec)


状态 19

    9 MainDec: Specifier MAIN • LP VarList RP FunBody
   10        | Specifier MAIN • LP RP FunBody

    LP  偏移，并进入状态 26


状态 20

    5 CodeDec: Specifier FunDec • FunBody

    error  偏移，并进入状态 27
    LC     偏移，并进入状态 28

    FunBody  转到状态 29


状态 21

    6 CodeDec: Specifier ExtDecList • SEMI

    SEMI  偏移，并进入状态 30


状态 22

   17 ExtDecList: VarDec •
   18           | VarDec • COMMA ExtDecList
   36 VarDec: VarDec • LB INT RB
   37       | VarDec • LB error RB

    COMMA  偏移，并进入状态 31
    LB     偏移，并进入状态 32

    $default  使用规则 17 以归约 (ExtDecList)


状态 23

   23 StructSpecifier: STRUCT OptTag LC • DefList RC

    TYPE    偏移，并进入状态 2
    STRUCT  偏移，并进入状态 3

    $default  使用规则 29 以归约 (DefList)

    Specifier        转到状态 33
    StructSpecifier  转到状态 9
    DefList          转到状态 34
    Def              转到状态 35


状态 24

   13 FunDec: error RP •

    $default  使用规则 13 以归约 (FunDec)


状态 25

   11 FunDec: ID LP • VarList RP
   12       | ID LP • RP

    TYPE    偏移，并进入状态 2
    RP      偏移，并进入状态 36
    STRUCT  偏移，并进入状态 3

    VarList          转到状态 37
    ParamDec         转到状态 38
    Specifier        转到状态 39
    StructSpecifier  转到状态 9


状态 26

    9 MainDec: Specifier MAIN LP • VarList RP FunBody
   10        | Specifier MAIN LP • RP FunBody

    TYPE    偏移，并进入状态 2
    RP      偏移，并进入状态 40
    STRUCT  偏移，并进入状态 3

    VarList          转到状态 41
    ParamDec         转到状态 38
    Specifier        转到状态 39
    StructSpecifier  转到状态 9


状态 27

   20 FunBody: error • RC

    RC  偏移，并进入状态 42


状态 28

   19 FunBody: LC • DefList StatList RC

    TYPE    偏移，并进入状态 2
    STRUCT  偏移，并进入状态 3

    $default  使用规则 29 以归约 (DefList)

    Specifier        转到状态 33
    StructSpecifier  转到状态 9
    DefList          转到状态 43
    Def              转到状态 35


状态 29

    5 CodeDec: Specifier FunDec FunBody •

    $default  使用规则 5 以归约 (CodeDec)


状态 30

    6 CodeDec: Specifier ExtDecList SEMI •

    $default  使用规则 6 以归约 (CodeDec)


状态 31

   18 ExtDecList: VarDec COMMA • ExtDecList

    ID  偏移，并进入状态 44

    ExtDecList  转到状态 45
    VarDec      转到状态 22


状态 32

   36 VarDec: VarDec LB • INT RB
   37       | VarDec LB • error RB

    error  偏移，并进入状态 46
    INT    偏移，并进入状态 47


状态 33

   30 Def: Specifier • DecList SEMI

    ID  偏移，并进入状态 44

    DecList  转到状态 48
    Dec      转到状态 49
    VarDec   转到状态 50


状态 34

   23 StructSpecifier: STRUCT OptTag LC DefList • RC

    RC  偏移，并进入状态 51


状态 35

   28 DefList: Def • DefList

    TYPE    偏移，并进入状态 2
    STRUCT  偏移，并进入状态 3

    $default  使用规则 29 以归约 (DefList)

    Specifier        转到状态 33
    StructSpecifier  转到状态 9
    DefList          转到状态 52
    Def              转到状态 35


状态 36

   12 FunDec: ID LP RP •

    $default  使用规则 12 以归约 (FunDec)


状态 37

   11 FunDec: ID LP VarList • RP

    RP  偏移，并进入状态 53


状态 38

   14 VarList: ParamDec •
   15        | ParamDec • COMMA VarList

    COMMA  偏移，并进入状态 54

    $default  使用规则 14 以归约 (VarList)


状态 39

   16 ParamDec: Specifier • VarDec

    ID  偏移，并进入状态 44

    VarDec  转到状态 55


状态 40

   10 MainDec: Specifier MAIN LP RP • FunBody

    error  偏移，并进入状态 27
    LC     偏移，并进入状态 28

    FunBody  转到状态 56


状态 41

    9 MainDec: Specifier MAIN LP VarList • RP FunBody

    RP  偏移，并进入状态 57


状态 42

   20 FunBody: error RC •

    $default  使用规则 20 以归约 (FunBody)


状态 43

   19 FunBody: LC DefList • StatList RC

    error   偏移，并进入状态 58
    INT     偏移，并进入状态 59
    ID      偏移，并进入状态 60
    MINUS   偏移，并进入状态 61
    NOT     偏移，并进入状态 62
    LP      偏移，并进入状态 63
    LC      偏移，并进入状态 28
    IF      偏移，并进入状态 64
    WHILE   偏移，并进入状态 65
    FOR     偏移，并进入状态 66
    RETURN  偏移，并进入状态 67
    WRITE   偏移，并进入状态 68
    READ    偏移，并进入状态 69

    RC  使用规则 39 以归约 (StatList)

    FunBody     转到状态 70
    StatList    转到状态 71
    Statements  转到状态 72
    Expr        转到状态 73


状态 44

   35 VarDec: ID •

    $default  使用规则 35 以归约 (VarDec)


状态 45

   18 ExtDecList: VarDec COMMA ExtDecList •

    $default  使用规则 18 以归约 (ExtDecList)


状态 46

   37 VarDec: VarDec LB error • RB

    RB  偏移，并进入状态 74


状态 47

   36 VarDec: VarDec LB INT • RB

    RB  偏移，并进入状态 75


状态 48

   30 Def: Specifier DecList • SEMI

    SEMI  偏移，并进入状态 76


状态 49

   31 DecList: Dec •
   32        | Dec • COMMA DecList

    COMMA  偏移，并进入状态 77

    $default  使用规则 31 以归约 (DecList)


状态 50

   33 Dec: VarDec •
   34    | VarDec • ASSIGNOP Expr
   36 VarDec: VarDec • LB INT RB
   37       | VarDec • LB error RB

    ASSIGNOP  偏移，并进入状态 78
    LB        偏移，并进入状态 32

    $default  使用规则 33 以归约 (Dec)


状态 51

   23 StructSpecifier: STRUCT OptTag LC DefList RC •

    $default  使用规则 23 以归约 (StructSpecifier)


状态 52

   28 DefList: Def DefList •

    $default  使用规则 28 以归约 (DefList)


状态 53

   11 FunDec: ID LP VarList RP •

    $default  使用规则 11 以归约 (FunDec)


状态 54

   15 VarList: ParamDec COMMA • VarList

    TYPE    偏移，并进入状态 2
    STRUCT  偏移，并进入状态 3

    VarList          转到状态 79
    ParamDec         转到状态 38
    Specifier        转到状态 39
    StructSpecifier  转到状态 9


状态 55

   16 ParamDec: Specifier VarDec •
   36 VarDec: VarDec • LB INT RB
   37       | VarDec • LB error RB

    LB  偏移，并进入状态 32

    $default  使用规则 16 以归约 (ParamDec)


状态 56

   10 MainDec: Specifier MAIN LP RP FunBody •

    $default  使用规则 10 以归约 (MainDec)


状态 57

    9 MainDec: Specifier MAIN LP VarList RP • FunBody

    error  偏移，并进入状态 27
    LC     偏移，并进入状态 28

    FunBody  转到状态 80


状态 58

   20 FunBody: error • RC
   49 Statements: error • SEMI

    SEMI  偏移，并进入状态 81
    RC    偏移，并进入状态 42


状态 59

   66 Expr: INT •

    $default  使用规则 66 以归约 (Expr)


状态 60

   50 Expr: ID • LP Args RP
   51     | ID • LP RP
   65     | ID •

    LP  偏移，并进入状态 82

    $default  使用规则 65 以归约 (Expr)


状态 61

   55 Expr: MINUS • Expr

    INT    偏移，并进入状态 59
    ID     偏移，并进入状态 60
    MINUS  偏移，并进入状态 61
    NOT    偏移，并进入状态 62
    LP     偏移，并进入状态 63

    Expr  转到状态 83


状态 62

   54 Expr: NOT • Expr

    INT    偏移，并进入状态 59
    ID     偏移，并进入状态 60
    MINUS  偏移，并进入状态 61
    NOT    偏移，并进入状态 62
    LP     偏移，并进入状态 63

    Expr  转到状态 84


状态 63

   56 Expr: LP • Expr RP

    INT    偏移，并进入状态 59
    ID     偏移，并进入状态 60
    MINUS  偏移，并进入状态 61
    NOT    偏移，并进入状态 62
    LP     偏移，并进入状态 63

    Expr  转到状态 85


状态 64

   40 Statements: IF • LP Expr RP Statements
   41           | IF • LP Expr RP Statements ELSE Statements

    LP  偏移，并进入状态 86


状态 65

   42 Statements: WHILE • LP Expr RP Statements

    LP  偏移，并进入状态 87


状态 66

   43 Statements: FOR • LP Expr SEMI Expr SEMI Expr RP Statements

    LP  偏移，并进入状态 88


状态 67

   48 Statements: RETURN • Expr SEMI

    INT    偏移，并进入状态 59
    ID     偏移，并进入状态 60
    MINUS  偏移，并进入状态 61
    NOT    偏移，并进入状态 62
    LP     偏移，并进入状态 63

    Expr  转到状态 89


状态 68

   45 Statements: WRITE • Expr SEMI

    INT    偏移，并进入状态 59
    ID     偏移，并进入状态 60
    MINUS  偏移，并进入状态 61
    NOT    偏移，并进入状态 62
    LP     偏移，并进入状态 63

    Expr  转到状态 90


状态 69

   44 Statements: READ • ID SEMI

    ID  偏移，并进入状态 91


状态 70

   46 Statements: FunBody •

    $default  使用规则 46 以归约 (Statements)


状态 71

   19 FunBody: LC DefList StatList • RC

    RC  偏移，并进入状态 92


状态 72

   38 StatList: Statements • StatList

    error   偏移，并进入状态 58
    INT     偏移，并进入状态 59
    ID      偏移，并进入状态 60
    MINUS   偏移，并进入状态 61
    NOT     偏移，并进入状态 62
    LP      偏移，并进入状态 63
    LC      偏移，并进入状态 28
    IF      偏移，并进入状态 64
    WHILE   偏移，并进入状态 65
    FOR     偏移，并进入状态 66
    RETURN  偏移，并进入状态 67
    WRITE   偏移，并进入状态 68
    READ    偏移，并进入状态 69

    RC  使用规则 39 以归约 (StatList)

    FunBody     转到状态 70
    StatList    转到状态 93
    Statements  转到状态 72
    Expr        转到状态 73


状态 73

   47 Statements: Expr • SEMI
   52 Expr: Expr • DOT ID
   53     | Expr • LB Expr RB
   57     | Expr • ASSIGNOP Expr
   58     | Expr • RELOP Expr
   59     | Expr • AND Expr
   60     | Expr • OR Expr
   61     | Expr • PLUS Expr
   62     | Expr • MINUS Expr
   63     | Expr • STAR Expr
   64     | Expr • DIV Expr

    DOT       偏移，并进入状态 94
    SEMI      偏移，并进入状态 95
    RELOP     偏移，并进入状态 96
    ASSIGNOP  偏移，并进入状态 97
    PLUS      偏移，并进入状态 98
    MINUS     偏移，并进入状态 99
    STAR      偏移，并进入状态 100
    DIV       偏移，并进入状态 101
    AND       偏移，并进入状态 102
    OR        偏移，并进入状态 103
    LB        偏移，并进入状态 104


状态 74

   37 VarDec: VarDec LB error RB •

    $default  使用规则 37 以归约 (VarDec)


状态 75

   36 VarDec: VarDec LB INT RB •

    $default  使用规则 36 以归约 (VarDec)


状态 76

   30 Def: Specifier DecList SEMI •

    $default  使用规则 30 以归约 (Def)


状态 77

   32 DecList: Dec COMMA • DecList

    ID  偏移，并进入状态 44

    DecList  转到状态 105
    Dec      转到状态 49
    VarDec   转到状态 50


状态 78

   34 Dec: VarDec ASSIGNOP • Expr

    INT    偏移，并进入状态 59
    ID     偏移，并进入状态 60
    MINUS  偏移，并进入状态 61
    NOT    偏移，并进入状态 62
    LP     偏移，并进入状态 63

    Expr  转到状态 106


状态 79

   15 VarList: ParamDec COMMA VarList •

    $default  使用规则 15 以归约 (VarList)


状态 80

    9 MainDec: Specifier MAIN LP VarList RP FunBody •

    $default  使用规则 9 以归约 (MainDec)


状态 81

   49 Statements: error SEMI •

    $default  使用规则 49 以归约 (Statements)


状态 82

   50 Expr: ID LP • Args RP
   51     | ID LP • RP

    INT    偏移，并进入状态 59
    ID     偏移，并进入状态 60
    MINUS  偏移，并进入状态 61
    NOT    偏移，并进入状态 62
    LP     偏移，并进入状态 63
    RP     偏移，并进入状态 107

    Expr  转到状态 108
    Args  转到状态 109


状态 83

   52 Expr: Expr • DOT ID
   53     | Expr • LB Expr RB
   55     | MINUS Expr •
   57     | Expr • ASSIGNOP Expr
   58     | Expr • RELOP Expr
   59     | Expr • AND Expr
   60     | Expr • OR Expr
   61     | Expr • PLUS Expr
   62     | Expr • MINUS Expr
   63     | Expr • STAR Expr
   64     | Expr • DIV Expr

    DOT   偏移，并进入状态 94
    STAR  偏移，并进入状态 100
    DIV   偏移，并进入状态 101
    LB    偏移，并进入状态 104

    $default  使用规则 55 以归约 (Expr)


状态 84

   52 Expr: Expr • DOT ID
   53     | Expr • LB Expr RB
   54     | NOT Expr •
   57     | Expr • ASSIGNOP Expr
   58     | Expr • RELOP Expr
   59     | Expr • AND Expr
   60     | Expr • OR Expr
   61     | Expr • PLUS Expr
   62     | Expr • MINUS Expr
   63     | Expr • STAR Expr
   64     | Expr • DIV Expr

    DOT  偏移，并进入状态 94
    LB   偏移，并进入状态 104

    $default  使用规则 54 以归约 (Expr)


状态 85

   52 Expr: Expr • DOT ID
   53     | Expr • LB Expr RB
   56     | LP Expr • RP
   57     | Expr • ASSIGNOP Expr
   58     | Expr • RELOP Expr
   59     | Expr • AND Expr
   60     | Expr • OR Expr
   61     | Expr • PLUS Expr
   62     | Expr • MINUS Expr
   63     | Expr • STAR Expr
   64     | Expr • DIV Expr

    DOT       偏移，并进入状态 94
    RELOP     偏移，并进入状态 96
    ASSIGNOP  偏移，并进入状态 97
    PLUS      偏移，并进入状态 98
    MINUS     偏移，并进入状态 99
    STAR      偏移，并进入状态 100
    DIV       偏移，并进入状态 101
    AND       偏移，并进入状态 102
    OR        偏移，并进入状态 103
    RP        偏移，并进入状态 110
    LB        偏移，并进入状态 104


状态 86

   40 Statements: IF LP • Expr RP Statements
   41           | IF LP • Expr RP Statements ELSE Statements

    INT    偏移，并进入状态 59
    ID     偏移，并进入状态 60
    MINUS  偏移，并进入状态 61
    NOT    偏移，并进入状态 62
    LP     偏移，并进入状态 63

    Expr  转到状态 111


状态 87

   42 Statements: WHILE LP • Expr RP Statements

    INT    偏移，并进入状态 59
    ID     偏移，并进入状态 60
    MINUS  偏移，并进入状态 61
    NOT    偏移，并进入状态 62
    LP     偏移，并进入状态 63

    Expr  转到状态 112


状态 88

   43 Statements: FOR LP • Expr SEMI Expr SEMI Expr RP Statements

    INT    偏移，并进入状态 59
    ID     偏移，并进入状态 60
    MINUS  偏移，并进入状态 61
    NOT    偏移，并进入状态 62
    LP     偏移，并进入状态 63

    Expr  转到状态 113


状态 89

   48 Statements: RETURN Expr • SEMI
   52 Expr: Expr • DOT ID
   53     | Expr • LB Expr RB
   57     | Expr • ASSIGNOP Expr
   58     | Expr • RELOP Expr
   59     | Expr • AND Expr
   60     | Expr • OR Expr
   61     | Expr • PLUS Expr
   62     | Expr • MINUS Expr
   63     | Expr • STAR Expr
   64     | Expr • DIV Expr

    DOT       偏移，并进入状态 94
    SEMI      偏移，并进入状态 114
    RELOP     偏移，并进入状态 96
    ASSIGNOP  偏移，并进入状态 97
    PLUS      偏移，并进入状态 98
    MINUS     偏移，并进入状态 99
    STAR      偏移，并进入状态 100
    DIV       偏移，并进入状态 101
    AND       偏移，并进入状态 102
    OR        偏移，并进入状态 103
    LB        偏移，并进入状态 104


状态 90

   45 Statements: WRITE Expr • SEMI
   52 Expr: Expr • DOT ID
   53     | Expr • LB Expr RB
   57     | Expr • ASSIGNOP Expr
   58     | Expr • RELOP Expr
   59     | Expr • AND Expr
   60     | Expr • OR Expr
   61     | Expr • PLUS Expr
   62     | Expr • MINUS Expr
   63     | Expr • STAR Expr
   64     | Expr • DIV Expr

    DOT       偏移，并进入状态 94
    SEMI      偏移，并进入状态 115
    RELOP     偏移，并进入状态 96
    ASSIGNOP  偏移，并进入状态 97
    PLUS      偏移，并进入状态 98
    MINUS     偏移，并进入状态 99
    STAR      偏移，并进入状态 100
    DIV       偏移，并进入状态 101
    AND       偏移，并进入状态 102
    OR        偏移，并进入状态 103
    LB        偏移，并进入状态 104


状态 91

   44 Statements: READ ID • SEMI

    SEMI  偏移，并进入状态 116


状态 92

   19 FunBody: LC DefList StatList RC •

    $default  使用规则 19 以归约 (FunBody)


状态 93

   38 StatList: Statements StatList •

    $default  使用规则 38 以归约 (StatList)


状态 94

   52 Expr: Expr DOT • ID

    ID  偏移，并进入状态 117


状态 95

   47 Statements: Expr SEMI •

    $default  使用规则 47 以归约 (Statements)


状态 96

   58 Expr: Expr RELOP • Expr

    INT    偏移，并进入状态 59
    ID     偏移，并进入状态 60
    MINUS  偏移，并进入状态 61
    NOT    偏移，并进入状态 62
    LP     偏移，并进入状态 63

    Expr  转到状态 118


状态 97

   57 Expr: Expr ASSIGNOP • Expr

    INT    偏移，并进入状态 59
    ID     偏移，并进入状态 60
    MINUS  偏移，并进入状态 61
    NOT    偏移，并进入状态 62
    LP     偏移，并进入状态 63

    Expr  转到状态 119


状态 98

   61 Expr: Expr PLUS • Expr

    INT    偏移，并进入状态 59
    ID     偏移，并进入状态 60
    MINUS  偏移，并进入状态 61
    NOT    偏移，并进入状态 62
    LP     偏移，并进入状态 63

    Expr  转到状态 120


状态 99

   62 Expr: Expr MINUS • Expr

    INT    偏移，并进入状态 59
    ID     偏移，并进入状态 60
    MINUS  偏移，并进入状态 61
    NOT    偏移，并进入状态 62
    LP     偏移，并进入状态 63

    Expr  转到状态 121


状态 100

   63 Expr: Expr STAR • Expr

    INT    偏移，并进入状态 59
    ID     偏移，并进入状态 60
    MINUS  偏移，并进入状态 61
    NOT    偏移，并进入状态 62
    LP     偏移，并进入状态 63

    Expr  转到状态 122


状态 101

   64 Expr: Expr DIV • Expr

    INT    偏移，并进入状态 59
    ID     偏移，并进入状态 60
    MINUS  偏移，并进入状态 61
    NOT    偏移，并进入状态 62
    LP     偏移，并进入状态 63

    Expr  转到状态 123


状态 102

   59 Expr: Expr AND • Expr

    INT    偏移，并进入状态 59
    ID     偏移，并进入状态 60
    MINUS  偏移，并进入状态 61
    NOT    偏移，并进入状态 62
    LP     偏移，并进入状态 63

    Expr  转到状态 124


状态 103

   60 Expr: Expr OR • Expr

    INT    偏移，并进入状态 59
    ID     偏移，并进入状态 60
    MINUS  偏移，并进入状态 61
    NOT    偏移，并进入状态 62
    LP     偏移，并进入状态 63

    Expr  转到状态 125


状态 104

   53 Expr: Expr LB • Expr RB

    INT    偏移，并进入状态 59
    ID     偏移，并进入状态 60
    MINUS  偏移，并进入状态 61
    NOT    偏移，并进入状态 62
    LP     偏移，并进入状态 63

    Expr  转到状态 126


状态 105

   32 DecList: Dec COMMA DecList •

    $default  使用规则 32 以归约 (DecList)


状态 106

   34 Dec: VarDec ASSIGNOP Expr •
   52 Expr: Expr • DOT ID
   53     | Expr • LB Expr RB
   57     | Expr • ASSIGNOP Expr
   58     | Expr • RELOP Expr
   59     | Expr • AND Expr
   60     | Expr • OR Expr
   61     | Expr • PLUS Expr
   62     | Expr • MINUS Expr
   63     | Expr • STAR Expr
   64     | Expr • DIV Expr

    DOT       偏移，并进入状态 94
    RELOP     偏移，并进入状态 96
    ASSIGNOP  偏移，并进入状态 97
    PLUS      偏移，并进入状态 98
    MINUS     偏移，并进入状态 99
    STAR      偏移，并进入状态 100
    DIV       偏移，并进入状态 101
    AND       偏移，并进入状态 102
    OR        偏移，并进入状态 103
    LB        偏移，并进入状态 104

    $default  使用规则 34 以归约 (Dec)


状态 107

   51 Expr: ID LP RP •

    $default  使用规则 51 以归约 (Expr)


状态 108

   52 Expr: Expr • DOT ID
   53     | Expr • LB Expr RB
   57     | Expr • ASSIGNOP Expr
   58     | Expr • RELOP Expr
   59     | Expr • AND Expr
   60     | Expr • OR Expr
   61     | Expr • PLUS Expr
   62     | Expr • MINUS Expr
   63     | Expr • STAR Expr
   64     | Expr • DIV Expr
   67 Args: Expr • COMMA Args
   68     | Expr •

    COMMA     偏移，并进入状态 127
    DOT       偏移，并进入状态 94
    RELOP     偏移，并进入状态 96
    ASSIGNOP  偏移，并进入状态 97
    PLUS      偏移，并进入状态 98
    MINUS     偏移，并进入状态 99
    STAR      偏移，并进入状态 100
    DIV       偏移，并进入状态 101
    AND       偏移，并进入状态 102
    OR        偏移，并进入状态 103
    LB        偏移，并进入状态 104

    $default  使用规则 68 以归约 (Args)


状态 109

   50 Expr: ID LP Args • RP

    RP  偏移，并进入状态 128


状态 110

   56 Expr: LP Expr RP •

    $default  使用规则 56 以归约 (Expr)


状态 111

   40 Statements: IF LP Expr • RP Statements
   41           | IF LP Expr • RP Statements ELSE Statements
   52 Expr: Expr • DOT ID
   53     | Expr • LB Expr RB
   57     | Expr • ASSIGNOP Expr
   58     | Expr • RELOP Expr
   59     | Expr • AND Expr
   60     | Expr • OR Expr
   61     | Expr • PLUS Expr
   62     | Expr • MINUS Expr
   63     | Expr • STAR Expr
   64     | Expr • DIV Expr

    DOT       偏移，并进入状态 94
    RELOP     偏移，并进入状态 96
    ASSIGNOP  偏移，并进入状态 97
    PLUS      偏移，并进入状态 98
    MINUS     偏移，并进入状态 99
    STAR      偏移，并进入状态 100
    DIV       偏移，并进入状态 101
    AND       偏移，并进入状态 102
    OR        偏移，并进入状态 103
    RP        偏移，并进入状态 129
    LB        偏移，并进入状态 104


状态 112

   42 Statements: WHILE LP Expr • RP Statements
   52 Expr: Expr • DOT ID
   53     | Expr • LB Expr RB
   57     | Expr • ASSIGNOP Expr
   58     | Expr • RELOP Expr
   59     | Expr • AND Expr
   60     | Expr • OR Expr
   61     | Expr • PLUS Expr
   62     | Expr • MINUS Expr
   63     | Expr • STAR Expr
   64     | Expr • DIV Expr

    DOT       偏移，并进入状态 94
    RELOP     偏移，并进入状态 96
    ASSIGNOP  偏移，并进入状态 97
    PLUS      偏移，并进入状态 98
    MINUS     偏移，并进入状态 99
    STAR      偏移，并进入状态 100
    DIV       偏移，并进入状态 101
    AND       偏移，并进入状态 102
    OR        偏移，并进入状态 103
    RP        偏移，并进入状态 130
    LB        偏移，并进入状态 104


状态 113

   43 Statements: FOR LP Expr • SEMI Expr SEMI Expr RP Statements
   52 Expr: Expr • DOT ID
   53     | Expr • LB Expr RB
   57     | Expr • ASSIGNOP Expr
   58     | Expr • RELOP Expr
   59     | Expr • AND Expr
   60     | Expr • OR Expr
   61     | Expr • PLUS Expr
   62     | Expr • MINUS Expr
   63     | Expr • STAR Expr
   64     | Expr • DIV Expr

    DOT       偏移，并进入状态 94
    SEMI      偏移，并进入状态 131
    RELOP     偏移，并进入状态 96
    ASSIGNOP  偏移，并进入状态 97
    PLUS      偏移，并进入状态 98
    MINUS     偏移，并进入状态 99
    STAR      偏移，并进入状态 100
    DIV       偏移，并进入状态 101
    AND       偏移，并进入状态 102
    OR        偏移，并进入状态 103
    LB        偏移，并进入状态 104


状态 114

   48 Statements: RETURN Expr SEMI •

    $default  使用规则 48 以归约 (Statements)


状态 115

   45 Statements: WRITE Expr SEMI •

    $default  使用规则 45 以归约 (Statements)


状态 116

   44 Statements: READ ID SEMI •

    $default  使用规则 44 以归约 (Statements)


状态 117

   52 Expr: Expr DOT ID •

    $default  使用规则 52 以归约 (Expr)


状态 118

   52 Expr: Expr • DOT ID
   53     | Expr • LB Expr RB
   57     | Expr • ASSIGNOP Expr
   58     | Expr • RELOP Expr
   58     | Expr RELOP Expr •
   59     | Expr • AND Expr
   60     | Expr • OR Expr
   61     | Expr • PLUS Expr
   62     | Expr • MINUS Expr
   63     | Expr • STAR Expr
   64     | Expr • DIV Expr

    DOT    偏移，并进入状态 94
    PLUS   偏移，并进入状态 98
    MINUS  偏移，并进入状态 99
    STAR   偏移，并进入状态 100
    DIV    偏移，并进入状态 101
    LB     偏移，并进入状态 104

    $default  使用规则 58 以归约 (Expr)


状态 119

   52 Expr: Expr • DOT ID
   53     | Expr • LB Expr RB
   57     | Expr • ASSIGNOP Expr
   57     | Expr ASSIGNOP Expr •
   58     | Expr • RELOP Expr
   59     | Expr • AND Expr
   60     | Expr • OR Expr
   61     | Expr • PLUS Expr
   62     | Expr • MINUS Expr
   63     | Expr • STAR Expr
   64     | Expr • DIV Expr

    DOT       偏移，并进入状态 94
    RELOP     偏移，并进入状态 96
    ASSIGNOP  偏移，并进入状态 97
    PLUS      偏移，并进入状态 98
    MINUS     偏移，并进入状态 99
    STAR      偏移，并进入状态 100
    DIV       偏移，并进入状态 101
    AND       偏移，并进入状态 102
    OR        偏移，并进入状态 103
    LB        偏移，并进入状态 104

    $default  使用规则 57 以归约 (Expr)


状态 120

   52 Expr: Expr • DOT ID
   53     | Expr • LB Expr RB
   57     | Expr • ASSIGNOP Expr
   58     | Expr • RELOP Expr
   59     | Expr • AND Expr
   60     | Expr • OR Expr
   61     | Expr • PLUS Expr
   61     | Expr PLUS Expr •
   62     | Expr • MINUS Expr
   63     | Expr • STAR Expr
   64     | Expr • DIV Expr

    DOT   偏移，并进入状态 94
    STAR  偏移，并进入状态 100
    DIV   偏移，并进入状态 101
    LB    偏移，并进入状态 104

    $default  使用规则 61 以归约 (Expr)


状态 121

   52 Expr: Expr • DOT ID
   53     | Expr • LB Expr RB
   57     | Expr • ASSIGNOP Expr
   58     | Expr • RELOP Expr
   59     | Expr • AND Expr
   60     | Expr • OR Expr
   61     | Expr • PLUS Expr
   62     | Expr • MINUS Expr
   62     | Expr MINUS Expr •
   63     | Expr • STAR Expr
   64     | Expr • DIV Expr

    DOT   偏移，并进入状态 94
    STAR  偏移，并进入状态 100
    DIV   偏移，并进入状态 101
    LB    偏移，并进入状态 104

    $default  使用规则 62 以归约 (Expr)


状态 122

   52 Expr: Expr • DOT ID
   53     | Expr • LB Expr RB
   57     | Expr • ASSIGNOP Expr
   58     | Expr • RELOP Expr
   59     | Expr • AND Expr
   60     | Expr • OR Expr
   61     | Expr • PLUS Expr
   62     | Expr • MINUS Expr
   63     | Expr • STAR Expr
   63     | Expr STAR Expr •
   64     | Expr • DIV Expr

    DOT  偏移，并进入状态 94
    LB   偏移，并进入状态 104

    $default  使用规则 63 以归约 (Expr)


状态 123

   52 Expr: Expr • DOT ID
   53     | Expr • LB Expr RB
   57     | Expr • ASSIGNOP Expr
   58     | Expr • RELOP Expr
   59     | Expr • AND Expr
   60     | Expr • OR Expr
   61     | Expr • PLUS Expr
   62     | Expr • MINUS Expr
   63     | Expr • STAR Expr
   64     | Expr • DIV Expr
   64     | Expr DIV Expr •

    DOT  偏移，并进入状态 94
    LB   偏移，并进入状态 104

    $default  使用规则 64 以归约 (Expr)


状态 124

   52 Expr: Expr • DOT ID
   53     | Expr • LB Expr RB
   57     | Expr • ASSIGNOP Expr
   58     | Expr • RELOP Expr
   59     | Expr • AND Expr
   59     | Expr AND Expr •
   60     | Expr • OR Expr
   61     | Expr • PLUS Expr
   62     | Expr • MINUS Expr
   63     | Expr • STAR Expr
   64     | Expr • DIV Expr

    DOT    偏移，并进入状态 94
    RELOP  偏移，并进入状态 96
    PLUS   偏移，并进入状态 98
    MINUS  偏移，并进入状态 99
    STAR   偏移，并进入状态 100
    DIV    偏移，并进入状态 101
    LB     偏移，并进入状态 104

    $default  使用规则 59 以归约 (Expr)


状态 125

   52 Expr: Expr • DOT ID
   53     | Expr • LB Expr RB
   57     | Expr • ASSIGNOP Expr
   58     | Expr • RELOP Expr
   59     | Expr • AND Expr
   60     | Expr • OR Expr
   60     | Expr OR Expr •
   61     | Expr • PLUS Expr
   62     | Expr • MINUS Expr
   63     | Expr • STAR Expr
   64     | Expr • DIV Expr

    DOT    偏移，并进入状态 94
    RELOP  偏移，并进入状态 96
    PLUS   偏移，并进入状态 98
    MINUS  偏移，并进入状态 99
    STAR   偏移，并进入状态 100
    DIV    偏移，并进入状态 101
    AND    偏移，并进入状态 102
    LB     偏移，并进入状态 104

    $default  使用规则 60 以归约 (Expr)


状态 126

   52 Expr: Expr • DOT ID
   53     | Expr • LB Expr RB
   53     | Expr LB Expr • RB
   57     | Expr • ASSIGNOP Expr
   58     | Expr • RELOP Expr
   59     | Expr • AND Expr
   60     | Expr • OR Expr
   61     | Expr • PLUS Expr
   62     | Expr • MINUS Expr
   63     | Expr • STAR Expr
   64     | Expr • DIV Expr

    DOT       偏移，并进入状态 94
    RELOP     偏移，并进入状态 96
    ASSIGNOP  偏移，并进入状态 97
    PLUS      偏移，并进入状态 98
    MINUS     偏移，并进入状态 99
    STAR      偏移，并进入状态 100
    DIV       偏移，并进入状态 101
    AND       偏移，并进入状态 102
    OR        偏移，并进入状态 103
    LB        偏移，并进入状态 104
    RB        偏移，并进入状态 132


状态 127

   67 Args: Expr COMMA • Args

    INT    偏移，并进入状态 59
    ID     偏移，并进入状态 60
    MINUS  偏移，并进入状态 61
    NOT    偏移，并进入状态 62
    LP     偏移，并进入状态 63

    Expr  转到状态 108
    Args  转到状态 133


状态 128

   50 Expr: ID LP Args RP •

    $default  使用规则 50 以归约 (Expr)


状态 129

   40 Statements: IF LP Expr RP • Statements
   41           | IF LP Expr RP • Statements ELSE Statements

    error   偏移，并进入状态 58
    INT     偏移，并进入状态 59
    ID      偏移，并进入状态 60
    MINUS   偏移，并进入状态 61
    NOT     偏移，并进入状态 62
    LP      偏移，并进入状态 63
    LC      偏移，并进入状态 28
    IF      偏移，并进入状态 64
    WHILE   偏移，并进入状态 65
    FOR     偏移，并进入状态 66
    RETURN  偏移，并进入状态 67
    WRITE   偏移，并进入状态 68
    READ    偏移，并进入状态 69

    FunBody     转到状态 70
    Statements  转到状态 134
    Expr        转到状态 73


状态 130

   42 Statements: WHILE LP Expr RP • Statements

    error   偏移，并进入状态 58
    INT     偏移，并进入状态 59
    ID      偏移，并进入状态 60
    MINUS   偏移，并进入状态 61
    NOT     偏移，并进入状态 62
    LP      偏移，并进入状态 63
    LC      偏移，并进入状态 28
    IF      偏移，并进入状态 64
    WHILE   偏移，并进入状态 65
    FOR     偏移，并进入状态 66
    RETURN  偏移，并进入状态 67
    WRITE   偏移，并进入状态 68
    READ    偏移，并进入状态 69

    FunBody     转到状态 70
    Statements  转到状态 135
    Expr        转到状态 73


状态 131

   43 Statements: FOR LP Expr SEMI • Expr SEMI Expr RP Statements

    INT    偏移，并进入状态 59
    ID     偏移，并进入状态 60
    MINUS  偏移，并进入状态 61
    NOT    偏移，并进入状态 62
    LP     偏移，并进入状态 63

    Expr  转到状态 136


状态 132

   53 Expr: Expr LB Expr RB •

    $default  使用规则 53 以归约 (Expr)


状态 133

   67 Args: Expr COMMA Args •

    $default  使用规则 67 以归约 (Args)


状态 134

   40 Statements: IF LP Expr RP Statements •
   41           | IF LP Expr RP Statements • ELSE Statements

    ELSE  偏移，并进入状态 137

    $default  使用规则 40 以归约 (Statements)


状态 135

   42 Statements: WHILE LP Expr RP Statements •

    $default  使用规则 42 以归约 (Statements)


状态 136

   43 Statements: FOR LP Expr SEMI Expr • SEMI Expr RP Statements
   52 Expr: Expr • DOT ID
   53     | Expr • LB Expr RB
   57     | Expr • ASSIGNOP Expr
   58     | Expr • RELOP Expr
   59     | Expr • AND Expr
   60     | Expr • OR Expr
   61     | Expr • PLUS Expr
   62     | Expr • MINUS Expr
   63     | Expr • STAR Expr
   64     | Expr • DIV Expr

    DOT       偏移，并进入状态 94
    SEMI      偏移，并进入状态 138
    RELOP     偏移，并进入状态 96
    ASSIGNOP  偏移，并进入状态 97
    PLUS      偏移，并进入状态 98
    MINUS     偏移，并进入状态 99
    STAR      偏移，并进入状态 100
    DIV       偏移，并进入状态 101
    AND       偏移，并进入状态 102
    OR        偏移，并进入状态 103
    LB        偏移，并进入状态 104


状态 137

   41 Statements: IF LP Expr RP Statements ELSE • Statements

    error   偏移，并进入状态 58
    INT     偏移，并进入状态 59
    ID      偏移，并进入状态 60
    MINUS   偏移，并进入状态 61
    NOT     偏移，并进入状态 62
    LP      偏移，并进入状态 63
    LC      偏移，并进入状态 28
    IF      偏移，并进入状态 64
    WHILE   偏移，并进入状态 65
    FOR     偏移，并进入状态 66
    RETURN  偏移，并进入状态 67
    WRITE   偏移，并进入状态 68
    READ    偏移，并进入状态 69

    FunBody     转到状态 70
    Statements  转到状态 139
    Expr        转到状态 73


状态 138

   43 Statements: FOR LP Expr SEMI Expr SEMI • Expr RP Statements

    INT    偏移，并进入状态 59
    ID     偏移，并进入状态 60
    MINUS  偏移，并进入状态 61
    NOT    偏移，并进入状态 62
    LP     偏移，并进入状态 63

    Expr  转到状态 140


状态 139

   41 Statements: IF LP Expr RP Statements ELSE Statements •

    $default  使用规则 41 以归约 (Statements)


状态 140

   43 Statements: FOR LP Expr SEMI Expr SEMI Expr • RP Statements
   52 Expr: Expr • DOT ID
   53     | Expr • LB Expr RB
   57     | Expr • ASSIGNOP Expr
   58     | Expr • RELOP Expr
   59     | Expr • AND Expr
   60     | Expr • OR Expr
   61     | Expr • PLUS Expr
   62     | Expr • MINUS Expr
   63     | Expr • STAR Expr
   64     | Expr • DIV Expr

    DOT       偏移，并进入状态 94
    RELOP     偏移，并进入状态 96
    ASSIGNOP  偏移，并进入状态 97
    PLUS      偏移，并进入状态 98
    MINUS     偏移，并进入状态 99
    STAR      偏移，并进入状态 100
    DIV       偏移，并进入状态 101
    AND       偏移，并进入状态 102
    OR        偏移，并进入状态 103
    RP        偏移，并进入状态 141
    LB        偏移，并进入状态 104


状态 141

   43 Statements: FOR LP Expr SEMI Expr SEMI Expr RP • Statements

    error   偏移，并进入状态 58
    INT     偏移，并进入状态 59
    ID      偏移，并进入状态 60
    MINUS   偏移，并进入状态 61
    NOT     偏移，并进入状态 62
    LP      偏移，并进入状态 63
    LC      偏移，并进入状态 28
    IF      偏移，并进入状态 64
    WHILE   偏移，并进入状态 65
    FOR     偏移，并进入状态 66
    RETURN  偏移，并进入状态 67
    WRITE   偏移，并进入状态 68
    READ    偏移，并进入状态 69

    FunBody     转到状态 70
    Statements  转到状态 142
    Expr        转到状态 73


状态 142

   43 Statements: FOR LP Expr SEMI Expr SEMI Expr RP Statements •

    $default  使用规则 43 以归约 (Statements)
