终端机在文法中未使用

    COMMA
    DOT
    AND
    OR
    NOT
    LB
    RB
    STRUCT
    RETURN


语法

    0 $accept: Program $end

    1 Program: CodeDec

    2 CodeDec: MainDec
    3        | FunDec CodeDec

    4 MainDec: MAIN LP RP FunBody

    5 FunDec: ID LP RP FunBody

    6 VarDec: INT ID SEMI
    7       | INT ID error

    8 FunBody: LC DecList StatList RC
    9        | error RC

   10 DecList: VarDec DecList
   11        | ε

   12 StatList: Statements StatList
   13         | ε

   14 Statements: IfStat
   15           | WhileStat
   16           | ForStat
   17           | ReadStat
   18           | WriteStat
   19           | CompoundStat
   20           | ExprStat
   21           | CallStat

   22 IfStat: IF LP Expr RP Statements ElseStat
   23       | IF LP Expr RP Statements

   24 ElseStat: ELSE Statements

   25 WhileStat: WHILE LP Expr RP Statements

   26 ForStat: FOR LP Expr SEMI Expr SEMI Expr RP Statements

   27 WriteStat: WRITE Expr

   28 ReadStat: READ ID

   29 CompoundStat: LC StatList RC
   30             | error RC

   31 ExprStat: Expr SEMI
   32         | SEMI
   33         | error SEMI
   34         | Expr error

   35 CallStat: CALL ID LP RP
   36         | error RP

   37 Expr: ID ASSIGNOP Bool_Expr
   38     | Bool_Expr

   39 Bool_Expr: Add_Expr
   40          | Add_Expr RELOP Add_Expr

   41 Add_Expr: term
   42         | Add_Expr PLUS term
   43         | Add_Expr MINUS term

   44 term: factor
   45     | term STAR factor
   46     | term DIV factor

   47 factor: LP Add_Expr RP
   48       | ID
   49       | NUM


终结语词，附有它们出现处的规则

    $end (0) 0
    error (256) 7 9 30 33 34 36
    INT <node> (258) 6 7
    ID <node> (259) 5 6 7 28 35 37 48
    NUM <node> (260) 49
    COMMA <node> (261)
    DOT <node> (262)
    SEMI <node> (263) 6 26 31 32 33
    RELOP <node> (264) 40
    ASSIGNOP <node> (265) 37
    PLUS <node> (266) 42
    MINUS <node> (267) 43
    STAR <node> (268) 45
    DIV <node> (269) 46
    AND <node> (270)
    OR <node> (271)
    NOT <node> (272)
    LP <node> (273) 4 5 22 23 25 26 35 47
    RP <node> (274) 4 5 22 23 25 26 35 36 47
    LB <node> (275)
    RB <node> (276)
    LC <node> (277) 8 29
    RC <node> (278) 8 9 29 30
    IF <node> (279) 22 23
    ELSE <node> (280) 24
    WHILE <node> (281) 25
    FOR <node> (282) 26
    STRUCT <node> (283)
    RETURN <node> (284)
    WRITE <node> (285) 27
    READ <node> (286) 28
    CALL <node> (287) 35
    MAIN <node> (288) 4


非终结语词，附有它们出现处的规则

    $accept (34)
        on left: 0
    Program <node> (35)
        on left: 1
        on right: 0
    CodeDec <node> (36)
        on left: 2 3
        on right: 1 3
    MainDec <node> (37)
        on left: 4
        on right: 2
    FunDec <node> (38)
        on left: 5
        on right: 3
    VarDec <node> (39)
        on left: 6 7
        on right: 10
    FunBody <node> (40)
        on left: 8 9
        on right: 4 5
    DecList <node> (41)
        on left: 10 11
        on right: 8 10
    StatList <node> (42)
        on left: 12 13
        on right: 8 12 29
    Statements <node> (43)
        on left: 14 15 16 17 18 19 20 21
        on right: 12 22 23 24 25 26
    IfStat <node> (44)
        on left: 22 23
        on right: 14
    ElseStat <node> (45)
        on left: 24
        on right: 22
    WhileStat <node> (46)
        on left: 25
        on right: 15
    ForStat <node> (47)
        on left: 26
        on right: 16
    WriteStat <node> (48)
        on left: 27
        on right: 18
    ReadStat <node> (49)
        on left: 28
        on right: 17
    CompoundStat <node> (50)
        on left: 29 30
        on right: 19
    ExprStat <node> (51)
        on left: 31 32 33 34
        on right: 20
    CallStat <node> (52)
        on left: 35 36
        on right: 21
    Expr <node> (53)
        on left: 37 38
        on right: 22 23 25 26 27 31 34
    Bool_Expr <node> (54)
        on left: 39 40
        on right: 37 38
    Add_Expr <node> (55)
        on left: 41 42 43
        on right: 39 40 42 43 47
    term <node> (56)
        on left: 44 45 46
        on right: 41 42 43 45 46
    factor <node> (57)
        on left: 47 48 49
        on right: 44 45 46


状态 0

    0 $accept: • Program $end

    ID    偏移，并进入状态 1
    MAIN  偏移，并进入状态 2

    Program  转到状态 3
    CodeDec  转到状态 4
    MainDec  转到状态 5
    FunDec   转到状态 6


状态 1

    5 FunDec: ID • LP RP FunBody

    LP  偏移，并进入状态 7


状态 2

    4 MainDec: MAIN • LP RP FunBody

    LP  偏移，并进入状态 8


状态 3

    0 $accept: Program • $end

    $end  偏移，并进入状态 9


状态 4

    1 Program: CodeDec •

    $default  使用规则 1 以归约 (Program)


状态 5

    2 CodeDec: MainDec •

    $default  使用规则 2 以归约 (CodeDec)


状态 6

    3 CodeDec: FunDec • CodeDec

    ID    偏移，并进入状态 1
    MAIN  偏移，并进入状态 2

    CodeDec  转到状态 10
    MainDec  转到状态 5
    FunDec   转到状态 6


状态 7

    5 FunDec: ID LP • RP FunBody

    RP  偏移，并进入状态 11


状态 8

    4 MainDec: MAIN LP • RP FunBody

    RP  偏移，并进入状态 12


状态 9

    0 $accept: Program $end •

    $default  接受


状态 10

    3 CodeDec: FunDec CodeDec •

    $default  使用规则 3 以归约 (CodeDec)


状态 11

    5 FunDec: ID LP RP • FunBody

    error  偏移，并进入状态 13
    LC     偏移，并进入状态 14

    FunBody  转到状态 15


状态 12

    4 MainDec: MAIN LP RP • FunBody

    error  偏移，并进入状态 13
    LC     偏移，并进入状态 14

    FunBody  转到状态 16


状态 13

    9 FunBody: error • RC

    RC  偏移，并进入状态 17


状态 14

    8 FunBody: LC • DecList StatList RC

    INT  偏移，并进入状态 18

    $default  使用规则 11 以归约 (DecList)

    VarDec   转到状态 19
    DecList  转到状态 20


状态 15

    5 FunDec: ID LP RP FunBody •

    $default  使用规则 5 以归约 (FunDec)


状态 16

    4 MainDec: MAIN LP RP FunBody •

    $default  使用规则 4 以归约 (MainDec)


状态 17

    9 FunBody: error RC •

    $default  使用规则 9 以归约 (FunBody)


状态 18

    6 VarDec: INT • ID SEMI
    7       | INT • ID error

    ID  偏移，并进入状态 21


状态 19

   10 DecList: VarDec • DecList

    INT  偏移，并进入状态 18

    $default  使用规则 11 以归约 (DecList)

    VarDec   转到状态 19
    DecList  转到状态 22


状态 20

    8 FunBody: LC DecList • StatList RC

    error  偏移，并进入状态 23
    ID     偏移，并进入状态 24
    NUM    偏移，并进入状态 25
    SEMI   偏移，并进入状态 26
    LP     偏移，并进入状态 27
    LC     偏移，并进入状态 28
    IF     偏移，并进入状态 29
    WHILE  偏移，并进入状态 30
    FOR    偏移，并进入状态 31
    WRITE  偏移，并进入状态 32
    READ   偏移，并进入状态 33
    CALL   偏移，并进入状态 34

    RC  使用规则 13 以归约 (StatList)

    StatList      转到状态 35
    Statements    转到状态 36
    IfStat        转到状态 37
    WhileStat     转到状态 38
    ForStat       转到状态 39
    WriteStat     转到状态 40
    ReadStat      转到状态 41
    CompoundStat  转到状态 42
    ExprStat      转到状态 43
    CallStat      转到状态 44
    Expr          转到状态 45
    Bool_Expr     转到状态 46
    Add_Expr      转到状态 47
    term          转到状态 48
    factor        转到状态 49


状态 21

    6 VarDec: INT ID • SEMI
    7       | INT ID • error

    error  偏移，并进入状态 50
    SEMI   偏移，并进入状态 51


状态 22

   10 DecList: VarDec DecList •

    $default  使用规则 10 以归约 (DecList)


状态 23

   30 CompoundStat: error • RC
   33 ExprStat: error • SEMI
   36 CallStat: error • RP

    SEMI  偏移，并进入状态 52
    RP    偏移，并进入状态 53
    RC    偏移，并进入状态 54


状态 24

   37 Expr: ID • ASSIGNOP Bool_Expr
   48 factor: ID •

    ASSIGNOP  偏移，并进入状态 55

    $default  使用规则 48 以归约 (factor)


状态 25

   49 factor: NUM •

    $default  使用规则 49 以归约 (factor)


状态 26

   32 ExprStat: SEMI •

    $default  使用规则 32 以归约 (ExprStat)


状态 27

   47 factor: LP • Add_Expr RP

    ID   偏移，并进入状态 56
    NUM  偏移，并进入状态 25
    LP   偏移，并进入状态 27

    Add_Expr  转到状态 57
    term      转到状态 48
    factor    转到状态 49


状态 28

   29 CompoundStat: LC • StatList RC

    error  偏移，并进入状态 23
    ID     偏移，并进入状态 24
    NUM    偏移，并进入状态 25
    SEMI   偏移，并进入状态 26
    LP     偏移，并进入状态 27
    LC     偏移，并进入状态 28
    IF     偏移，并进入状态 29
    WHILE  偏移，并进入状态 30
    FOR    偏移，并进入状态 31
    WRITE  偏移，并进入状态 32
    READ   偏移，并进入状态 33
    CALL   偏移，并进入状态 34

    RC  使用规则 13 以归约 (StatList)

    StatList      转到状态 58
    Statements    转到状态 36
    IfStat        转到状态 37
    WhileStat     转到状态 38
    ForStat       转到状态 39
    WriteStat     转到状态 40
    ReadStat      转到状态 41
    CompoundStat  转到状态 42
    ExprStat      转到状态 43
    CallStat      转到状态 44
    Expr          转到状态 45
    Bool_Expr     转到状态 46
    Add_Expr      转到状态 47
    term          转到状态 48
    factor        转到状态 49


状态 29

   22 IfStat: IF • LP Expr RP Statements ElseStat
   23       | IF • LP Expr RP Statements

    LP  偏移，并进入状态 59


状态 30

   25 WhileStat: WHILE • LP Expr RP Statements

    LP  偏移，并进入状态 60


状态 31

   26 ForStat: FOR • LP Expr SEMI Expr SEMI Expr RP Statements

    LP  偏移，并进入状态 61


状态 32

   27 WriteStat: WRITE • Expr

    ID   偏移，并进入状态 24
    NUM  偏移，并进入状态 25
    LP   偏移，并进入状态 27

    Expr       转到状态 62
    Bool_Expr  转到状态 46
    Add_Expr   转到状态 47
    term       转到状态 48
    factor     转到状态 49


状态 33

   28 ReadStat: READ • ID

    ID  偏移，并进入状态 63


状态 34

   35 CallStat: CALL • ID LP RP

    ID  偏移，并进入状态 64


状态 35

    8 FunBody: LC DecList StatList • RC

    RC  偏移，并进入状态 65


状态 36

   12 StatList: Statements • StatList

    error  偏移，并进入状态 23
    ID     偏移，并进入状态 24
    NUM    偏移，并进入状态 25
    SEMI   偏移，并进入状态 26
    LP     偏移，并进入状态 27
    LC     偏移，并进入状态 28
    IF     偏移，并进入状态 29
    WHILE  偏移，并进入状态 30
    FOR    偏移，并进入状态 31
    WRITE  偏移，并进入状态 32
    READ   偏移，并进入状态 33
    CALL   偏移，并进入状态 34

    RC  使用规则 13 以归约 (StatList)

    StatList      转到状态 66
    Statements    转到状态 36
    IfStat        转到状态 37
    WhileStat     转到状态 38
    ForStat       转到状态 39
    WriteStat     转到状态 40
    ReadStat      转到状态 41
    CompoundStat  转到状态 42
    ExprStat      转到状态 43
    CallStat      转到状态 44
    Expr          转到状态 45
    Bool_Expr     转到状态 46
    Add_Expr      转到状态 47
    term          转到状态 48
    factor        转到状态 49


状态 37

   14 Statements: IfStat •

    $default  使用规则 14 以归约 (Statements)


状态 38

   15 Statements: WhileStat •

    $default  使用规则 15 以归约 (Statements)


状态 39

   16 Statements: ForStat •

    $default  使用规则 16 以归约 (Statements)


状态 40

   18 Statements: WriteStat •

    $default  使用规则 18 以归约 (Statements)


状态 41

   17 Statements: ReadStat •

    $default  使用规则 17 以归约 (Statements)


状态 42

   19 Statements: CompoundStat •

    $default  使用规则 19 以归约 (Statements)


状态 43

   20 Statements: ExprStat •

    $default  使用规则 20 以归约 (Statements)


状态 44

   21 Statements: CallStat •

    $default  使用规则 21 以归约 (Statements)


状态 45

   31 ExprStat: Expr • SEMI
   34         | Expr • error

    error  偏移，并进入状态 67
    SEMI   偏移，并进入状态 68


状态 46

   38 Expr: Bool_Expr •

    $default  使用规则 38 以归约 (Expr)


状态 47

   39 Bool_Expr: Add_Expr •
   40          | Add_Expr • RELOP Add_Expr
   42 Add_Expr: Add_Expr • PLUS term
   43         | Add_Expr • MINUS term

    RELOP  偏移，并进入状态 69
    PLUS   偏移，并进入状态 70
    MINUS  偏移，并进入状态 71

    $default  使用规则 39 以归约 (Bool_Expr)


状态 48

   41 Add_Expr: term •
   45 term: term • STAR factor
   46     | term • DIV factor

    STAR  偏移，并进入状态 72
    DIV   偏移，并进入状态 73

    $default  使用规则 41 以归约 (Add_Expr)


状态 49

   44 term: factor •

    $default  使用规则 44 以归约 (term)


状态 50

    7 VarDec: INT ID error •

    $default  使用规则 7 以归约 (VarDec)


状态 51

    6 VarDec: INT ID SEMI •

    $default  使用规则 6 以归约 (VarDec)


状态 52

   33 ExprStat: error SEMI •

    $default  使用规则 33 以归约 (ExprStat)


状态 53

   36 CallStat: error RP •

    $default  使用规则 36 以归约 (CallStat)


状态 54

   30 CompoundStat: error RC •

    $default  使用规则 30 以归约 (CompoundStat)


状态 55

   37 Expr: ID ASSIGNOP • Bool_Expr

    ID   偏移，并进入状态 56
    NUM  偏移，并进入状态 25
    LP   偏移，并进入状态 27

    Bool_Expr  转到状态 74
    Add_Expr   转到状态 47
    term       转到状态 48
    factor     转到状态 49


状态 56

   48 factor: ID •

    $default  使用规则 48 以归约 (factor)


状态 57

   42 Add_Expr: Add_Expr • PLUS term
   43         | Add_Expr • MINUS term
   47 factor: LP Add_Expr • RP

    PLUS   偏移，并进入状态 70
    MINUS  偏移，并进入状态 71
    RP     偏移，并进入状态 75


状态 58

   29 CompoundStat: LC StatList • RC

    RC  偏移，并进入状态 76


状态 59

   22 IfStat: IF LP • Expr RP Statements ElseStat
   23       | IF LP • Expr RP Statements

    ID   偏移，并进入状态 24
    NUM  偏移，并进入状态 25
    LP   偏移，并进入状态 27

    Expr       转到状态 77
    Bool_Expr  转到状态 46
    Add_Expr   转到状态 47
    term       转到状态 48
    factor     转到状态 49


状态 60

   25 WhileStat: WHILE LP • Expr RP Statements

    ID   偏移，并进入状态 24
    NUM  偏移，并进入状态 25
    LP   偏移，并进入状态 27

    Expr       转到状态 78
    Bool_Expr  转到状态 46
    Add_Expr   转到状态 47
    term       转到状态 48
    factor     转到状态 49


状态 61

   26 ForStat: FOR LP • Expr SEMI Expr SEMI Expr RP Statements

    ID   偏移，并进入状态 24
    NUM  偏移，并进入状态 25
    LP   偏移，并进入状态 27

    Expr       转到状态 79
    Bool_Expr  转到状态 46
    Add_Expr   转到状态 47
    term       转到状态 48
    factor     转到状态 49


状态 62

   27 WriteStat: WRITE Expr •

    $default  使用规则 27 以归约 (WriteStat)


状态 63

   28 ReadStat: READ ID •

    $default  使用规则 28 以归约 (ReadStat)


状态 64

   35 CallStat: CALL ID • LP RP

    LP  偏移，并进入状态 80


状态 65

    8 FunBody: LC DecList StatList RC •

    $default  使用规则 8 以归约 (FunBody)


状态 66

   12 StatList: Statements StatList •

    $default  使用规则 12 以归约 (StatList)


状态 67

   34 ExprStat: Expr error •

    $default  使用规则 34 以归约 (ExprStat)


状态 68

   31 ExprStat: Expr SEMI •

    $default  使用规则 31 以归约 (ExprStat)


状态 69

   40 Bool_Expr: Add_Expr RELOP • Add_Expr

    ID   偏移，并进入状态 56
    NUM  偏移，并进入状态 25
    LP   偏移，并进入状态 27

    Add_Expr  转到状态 81
    term      转到状态 48
    factor    转到状态 49


状态 70

   42 Add_Expr: Add_Expr PLUS • term

    ID   偏移，并进入状态 56
    NUM  偏移，并进入状态 25
    LP   偏移，并进入状态 27

    term    转到状态 82
    factor  转到状态 49


状态 71

   43 Add_Expr: Add_Expr MINUS • term

    ID   偏移，并进入状态 56
    NUM  偏移，并进入状态 25
    LP   偏移，并进入状态 27

    term    转到状态 83
    factor  转到状态 49


状态 72

   45 term: term STAR • factor

    ID   偏移，并进入状态 56
    NUM  偏移，并进入状态 25
    LP   偏移，并进入状态 27

    factor  转到状态 84


状态 73

   46 term: term DIV • factor

    ID   偏移，并进入状态 56
    NUM  偏移，并进入状态 25
    LP   偏移，并进入状态 27

    factor  转到状态 85


状态 74

   37 Expr: ID ASSIGNOP Bool_Expr •

    $default  使用规则 37 以归约 (Expr)


状态 75

   47 factor: LP Add_Expr RP •

    $default  使用规则 47 以归约 (factor)


状态 76

   29 CompoundStat: LC StatList RC •

    $default  使用规则 29 以归约 (CompoundStat)


状态 77

   22 IfStat: IF LP Expr • RP Statements ElseStat
   23       | IF LP Expr • RP Statements

    RP  偏移，并进入状态 86


状态 78

   25 WhileStat: WHILE LP Expr • RP Statements

    RP  偏移，并进入状态 87


状态 79

   26 ForStat: FOR LP Expr • SEMI Expr SEMI Expr RP Statements

    SEMI  偏移，并进入状态 88


状态 80

   35 CallStat: CALL ID LP • RP

    RP  偏移，并进入状态 89


状态 81

   40 Bool_Expr: Add_Expr RELOP Add_Expr •
   42 Add_Expr: Add_Expr • PLUS term
   43         | Add_Expr • MINUS term

    PLUS   偏移，并进入状态 70
    MINUS  偏移，并进入状态 71

    $default  使用规则 40 以归约 (Bool_Expr)


状态 82

   42 Add_Expr: Add_Expr PLUS term •
   45 term: term • STAR factor
   46     | term • DIV factor

    STAR  偏移，并进入状态 72
    DIV   偏移，并进入状态 73

    $default  使用规则 42 以归约 (Add_Expr)


状态 83

   43 Add_Expr: Add_Expr MINUS term •
   45 term: term • STAR factor
   46     | term • DIV factor

    STAR  偏移，并进入状态 72
    DIV   偏移，并进入状态 73

    $default  使用规则 43 以归约 (Add_Expr)


状态 84

   45 term: term STAR factor •

    $default  使用规则 45 以归约 (term)


状态 85

   46 term: term DIV factor •

    $default  使用规则 46 以归约 (term)


状态 86

   22 IfStat: IF LP Expr RP • Statements ElseStat
   23       | IF LP Expr RP • Statements

    error  偏移，并进入状态 23
    ID     偏移，并进入状态 24
    NUM    偏移，并进入状态 25
    SEMI   偏移，并进入状态 26
    LP     偏移，并进入状态 27
    LC     偏移，并进入状态 28
    IF     偏移，并进入状态 29
    WHILE  偏移，并进入状态 30
    FOR    偏移，并进入状态 31
    WRITE  偏移，并进入状态 32
    READ   偏移，并进入状态 33
    CALL   偏移，并进入状态 34

    Statements    转到状态 90
    IfStat        转到状态 37
    WhileStat     转到状态 38
    ForStat       转到状态 39
    WriteStat     转到状态 40
    ReadStat      转到状态 41
    CompoundStat  转到状态 42
    ExprStat      转到状态 43
    CallStat      转到状态 44
    Expr          转到状态 45
    Bool_Expr     转到状态 46
    Add_Expr      转到状态 47
    term          转到状态 48
    factor        转到状态 49


状态 87

   25 WhileStat: WHILE LP Expr RP • Statements

    error  偏移，并进入状态 23
    ID     偏移，并进入状态 24
    NUM    偏移，并进入状态 25
    SEMI   偏移，并进入状态 26
    LP     偏移，并进入状态 27
    LC     偏移，并进入状态 28
    IF     偏移，并进入状态 29
    WHILE  偏移，并进入状态 30
    FOR    偏移，并进入状态 31
    WRITE  偏移，并进入状态 32
    READ   偏移，并进入状态 33
    CALL   偏移，并进入状态 34

    Statements    转到状态 91
    IfStat        转到状态 37
    WhileStat     转到状态 38
    ForStat       转到状态 39
    WriteStat     转到状态 40
    ReadStat      转到状态 41
    CompoundStat  转到状态 42
    ExprStat      转到状态 43
    CallStat      转到状态 44
    Expr          转到状态 45
    Bool_Expr     转到状态 46
    Add_Expr      转到状态 47
    term          转到状态 48
    factor        转到状态 49


状态 88

   26 ForStat: FOR LP Expr SEMI • Expr SEMI Expr RP Statements

    ID   偏移，并进入状态 24
    NUM  偏移，并进入状态 25
    LP   偏移，并进入状态 27

    Expr       转到状态 92
    Bool_Expr  转到状态 46
    Add_Expr   转到状态 47
    term       转到状态 48
    factor     转到状态 49


状态 89

   35 CallStat: CALL ID LP RP •

    $default  使用规则 35 以归约 (CallStat)


状态 90

   22 IfStat: IF LP Expr RP Statements • ElseStat
   23       | IF LP Expr RP Statements •

    ELSE  偏移，并进入状态 93

    $default  使用规则 23 以归约 (IfStat)

    ElseStat  转到状态 94


状态 91

   25 WhileStat: WHILE LP Expr RP Statements •

    $default  使用规则 25 以归约 (WhileStat)


状态 92

   26 ForStat: FOR LP Expr SEMI Expr • SEMI Expr RP Statements

    SEMI  偏移，并进入状态 95


状态 93

   24 ElseStat: ELSE • Statements

    error  偏移，并进入状态 23
    ID     偏移，并进入状态 24
    NUM    偏移，并进入状态 25
    SEMI   偏移，并进入状态 26
    LP     偏移，并进入状态 27
    LC     偏移，并进入状态 28
    IF     偏移，并进入状态 29
    WHILE  偏移，并进入状态 30
    FOR    偏移，并进入状态 31
    WRITE  偏移，并进入状态 32
    READ   偏移，并进入状态 33
    CALL   偏移，并进入状态 34

    Statements    转到状态 96
    IfStat        转到状态 37
    WhileStat     转到状态 38
    ForStat       转到状态 39
    WriteStat     转到状态 40
    ReadStat      转到状态 41
    CompoundStat  转到状态 42
    ExprStat      转到状态 43
    CallStat      转到状态 44
    Expr          转到状态 45
    Bool_Expr     转到状态 46
    Add_Expr      转到状态 47
    term          转到状态 48
    factor        转到状态 49


状态 94

   22 IfStat: IF LP Expr RP Statements ElseStat •

    $default  使用规则 22 以归约 (IfStat)


状态 95

   26 ForStat: FOR LP Expr SEMI Expr SEMI • Expr RP Statements

    ID   偏移，并进入状态 24
    NUM  偏移，并进入状态 25
    LP   偏移，并进入状态 27

    Expr       转到状态 97
    Bool_Expr  转到状态 46
    Add_Expr   转到状态 47
    term       转到状态 48
    factor     转到状态 49


状态 96

   24 ElseStat: ELSE Statements •

    $default  使用规则 24 以归约 (ElseStat)


状态 97

   26 ForStat: FOR LP Expr SEMI Expr SEMI Expr • RP Statements

    RP  偏移，并进入状态 98


状态 98

   26 ForStat: FOR LP Expr SEMI Expr SEMI Expr RP • Statements

    error  偏移，并进入状态 23
    ID     偏移，并进入状态 24
    NUM    偏移，并进入状态 25
    SEMI   偏移，并进入状态 26
    LP     偏移，并进入状态 27
    LC     偏移，并进入状态 28
    IF     偏移，并进入状态 29
    WHILE  偏移，并进入状态 30
    FOR    偏移，并进入状态 31
    WRITE  偏移，并进入状态 32
    READ   偏移，并进入状态 33
    CALL   偏移，并进入状态 34

    Statements    转到状态 99
    IfStat        转到状态 37
    WhileStat     转到状态 38
    ForStat       转到状态 39
    WriteStat     转到状态 40
    ReadStat      转到状态 41
    CompoundStat  转到状态 42
    ExprStat      转到状态 43
    CallStat      转到状态 44
    Expr          转到状态 45
    Bool_Expr     转到状态 46
    Add_Expr      转到状态 47
    term          转到状态 48
    factor        转到状态 49


状态 99

   26 ForStat: FOR LP Expr SEMI Expr SEMI Expr RP Statements •

    $default  使用规则 26 以归约 (ForStat)
